/home/bvj0002/.local/lib/python3.8/site-packages/numpy/core/fromnumeric.py:3372: RuntimeWarning: Mean of empty slice.
  return _methods._mean(a, axis=axis, dtype=dtype,
/home/bvj0002/.local/lib/python3.8/site-packages/numpy/core/_methods.py:170: RuntimeWarning: invalid value encountered in double_scalars
  ret = ret.dtype.type(ret / rcount)
Trial: 0
Trial: 1
Trial: 2
Trial: 3
Trial: 4
Trial: 5
Trial: 6
Trial: 7
Trial: 8
Trial: 9
Trial: 10
Trial: 11
Trial: 12
Trial: 13
Trial: 14
Trial: 15
Trial: 16
Trial: 17
Trial: 18
Trial: 19
